Using pre-set license
Built from '2020.3/release' branch; Version is '2020.3.15f2 (6cf78cb77498) revision 7141260'; Using compiler version '192528614'; Build Type 'Release'
OS: 'Windows 10 Home; OS build 19045.2604; Version 2009; 64bit' Language: 'en' Physical Memory: 16308 MB
BatchMode: 1, IsHumanControllingUs: 0, StartBugReporterOnCrash: 0, Is64bit: 1, IsPro: 0

 COMMAND LINE ARGUMENTS:
F:\Unity\editors\2020.3.15f2\Editor\Unity.exe
-adb2
-batchMode
-noUpm
-name
AssetImportWorker0
-projectPath
F:/GitHub/MausTrap
-logFile
Logs/AssetImportWorker0.log
-srvPort
64258
Successfully changed project path to: F:/GitHub/MausTrap
F:/GitHub/MausTrap
Using Asset Import Pipeline V2.
Refreshing native plugins compatible for Editor in 49.25 ms, found 2 plugins.
Preloading 0 native plugins for Editor in 0.00 ms.
Initialize engine version: 2020.3.15f2 (6cf78cb77498)
[Subsystems] Discovering subsystems at path F:/Unity/editors/2020.3.15f2/Editor/Data/Resources/UnitySubsystems
[Subsystems] Discovering subsystems at path F:/GitHub/MausTrap/Assets
GfxDevice: creating device client; threaded=0
Direct3D:
    Version:  Direct3D 11.0 [level 11.1]
    Renderer: NVIDIA GeForce GTX 1070 Ti (ID=0x1b82)
    Vendor:   
    VRAM:     8073 MB
    Driver:   31.0.15.3129
Initialize mono
Mono path[0] = 'F:/Unity/editors/2020.3.15f2/Editor/Data/Managed'
Mono path[1] = 'F:/Unity/editors/2020.3.15f2/Editor/Data/MonoBleedingEdge/lib/mono/unityjit'
Mono config path = 'F:/Unity/editors/2020.3.15f2/Editor/Data/MonoBleedingEdge/etc'
Using monoOptions --debugger-agent=transport=dt_socket,embedding=1,server=y,suspend=n,address=127.0.0.1:56928
Begin MonoManager ReloadAssembly
Registering precompiled unity dll's ...
Register platform support module: F:/Unity/editors/2020.3.15f2/Editor/Data/PlaybackEngines/WindowsStandaloneSupport/UnityEditor.WindowsStandalone.Extensions.dll
Registered in 0.001104 seconds.
Native extension for WindowsStandalone target not found
Refreshing native plugins compatible for Editor in 36.58 ms, found 2 plugins.
Preloading 0 native plugins for Editor in 0.00 ms.
Mono: successfully reloaded assembly
- Completed reload, in  1.048 seconds
Domain Reload Profiling:
	ReloadAssembly (1048ms)
		BeginReloadAssembly (68ms)
			ExecutionOrderSort (0ms)
			DisableScriptedObjects (0ms)
			BackupInstance (0ms)
			ReleaseScriptingObjects (0ms)
			CreateAndSetChildDomain (1ms)
		EndReloadAssembly (363ms)
			LoadAssemblies (67ms)
			RebuildTransferFunctionScriptingTraits (0ms)
			SetupTypeCache (129ms)
			ReleaseScriptCaches (0ms)
			RebuildScriptCaches (29ms)
			SetupLoadedEditorAssemblies (140ms)
				LogAssemblyErrors (0ms)
				InitializePlatformSupportModulesInManaged (3ms)
				SetLoadedEditorAssemblies (0ms)
				RefreshPlugins (37ms)
				BeforeProcessingInitializeOnLoad (9ms)
				ProcessInitializeOnLoadAttributes (68ms)
				ProcessInitializeOnLoadMethodAttributes (23ms)
				AfterProcessingInitializeOnLoad (0ms)
				EditorAssembliesLoaded (0ms)
			ExecutionOrderSort2 (0ms)
			AwakeInstancesAfterBackupRestoration (0ms)
Platform modules already initialized, skipping
Registering precompiled user dll's ...
Registered in 0.006121 seconds.
Begin MonoManager ReloadAssembly
Native extension for WindowsStandalone target not found
Refreshing native plugins compatible for Editor in 0.44 ms, found 2 plugins.
Preloading 0 native plugins for Editor in 0.00 ms.
Mono: successfully reloaded assembly
- Completed reload, in  0.966 seconds
Domain Reload Profiling:
	ReloadAssembly (967ms)
		BeginReloadAssembly (139ms)
			ExecutionOrderSort (0ms)
			DisableScriptedObjects (4ms)
			BackupInstance (0ms)
			ReleaseScriptingObjects (0ms)
			CreateAndSetChildDomain (17ms)
		EndReloadAssembly (781ms)
			LoadAssemblies (97ms)
			RebuildTransferFunctionScriptingTraits (0ms)
			SetupTypeCache (244ms)
			ReleaseScriptCaches (0ms)
			RebuildScriptCaches (42ms)
			SetupLoadedEditorAssemblies (334ms)
				LogAssemblyErrors (0ms)
				InitializePlatformSupportModulesInManaged (4ms)
				SetLoadedEditorAssemblies (0ms)
				RefreshPlugins (0ms)
				BeforeProcessingInitializeOnLoad (67ms)
				ProcessInitializeOnLoadAttributes (250ms)
				ProcessInitializeOnLoadMethodAttributes (9ms)
				AfterProcessingInitializeOnLoad (3ms)
				EditorAssembliesLoaded (0ms)
			ExecutionOrderSort2 (0ms)
			AwakeInstancesAfterBackupRestoration (6ms)
Platform modules already initialized, skipping
========================================================================
Worker process is ready to serve import requests
Launched and connected shader compiler UnityShaderCompiler.exe after 0.04 seconds
Refreshing native plugins compatible for Editor in 0.78 ms, found 2 plugins.
Preloading 0 native plugins for Editor in 0.00 ms.
Unloading 1779 Unused Serialized files (Serialized files now loaded: 0)
System memory in use before: 78.3 MB.
System memory in use after: 78.4 MB.

Unloading 30 unused Assets to reduce memory usage. Loaded Objects now: 2212.
Total: 2.017700 ms (FindLiveObjects: 0.170600 ms CreateObjectMapping: 0.056100 ms MarkObjects: 1.729300 ms  DeleteObjects: 0.061100 ms)

AssetImportParameters requested are different than current active one (requested -> active):
  custom:framework-win-MediaFoundation: 216162199b28c13a410421893ffa2e32 -> 
  custom:video-decoder-ogg-theora: a1e56fd34408186e4bbccfd4996cb3dc -> 
  custom:container-muxer-webm: aa71ff27fc2769a1b78a27578f13a17b -> 
  custom:container-demuxer-webm: 4f35f7cbe854078d1ac9338744f61a02 -> 
  custom:container-demuxer-ogg: 62fdf1f143b41e24485cea50d1cbac27 -> 
  custom:video-encoder-webm-vp8: eb34c28f22e8b96e1ab97ce403110664 -> 
  custom:video-decoder-webm-vp8: 9c59270c3fd7afecdb556c50c9e8de78 -> 
  custom:audio-decoder-ogg-vorbis: bf7c407c2cedff20999df2af8eb42d56 -> 
  custom:audio-encoder-webm-vorbis: bf7c407c2cedff20999df2af8eb42d56 -> 
========================================================================
Received Import Request.
  path: ProjectSettings/TagManager.asset
  artifactKey: Guid(00000000000000003000000000000000) Importer(815301076,1909f56bfc062723c751e8b465ee728b)
Start importing ProjectSettings/TagManager.asset using Guid(00000000000000003000000000000000) Importer(815301076,1909f56bfc062723c751e8b465ee728b)  -> (artifact id: 'dda7679ec5982de4823b5b0d611daf4f') in 0.050174 seconds 
  Import took 0.052641 seconds .

========================================================================
Received Prepare
Registering precompiled user dll's ...
Registered in 0.006220 seconds.
Begin MonoManager ReloadAssembly
Native extension for WindowsStandalone target not found
Refreshing native plugins compatible for Editor in 0.46 ms, found 2 plugins.
Preloading 0 native plugins for Editor in 0.00 ms.
Mono: successfully reloaded assembly
- Completed reload, in  0.971 seconds
Domain Reload Profiling:
	ReloadAssembly (971ms)
		BeginReloadAssembly (113ms)
			ExecutionOrderSort (0ms)
			DisableScriptedObjects (5ms)
			BackupInstance (0ms)
			ReleaseScriptingObjects (0ms)
			CreateAndSetChildDomain (30ms)
		EndReloadAssembly (808ms)
			LoadAssemblies (98ms)
			RebuildTransferFunctionScriptingTraits (0ms)
			SetupTypeCache (274ms)
			ReleaseScriptCaches (1ms)
			RebuildScriptCaches (41ms)
			SetupLoadedEditorAssemblies (327ms)
				LogAssemblyErrors (0ms)
				InitializePlatformSupportModulesInManaged (4ms)
				SetLoadedEditorAssemblies (0ms)
				RefreshPlugins (1ms)
				BeforeProcessingInitializeOnLoad (65ms)
				ProcessInitializeOnLoadAttributes (248ms)
				ProcessInitializeOnLoadMethodAttributes (7ms)
				AfterProcessingInitializeOnLoad (2ms)
				EditorAssembliesLoaded (0ms)
			ExecutionOrderSort2 (0ms)
			AwakeInstancesAfterBackupRestoration (6ms)
Platform modules already initialized, skipping
Refreshing native plugins compatible for Editor in 0.46 ms, found 2 plugins.
Preloading 0 native plugins for Editor in 0.00 ms.
Unloading 1768 Unused Serialized files (Serialized files now loaded: 0)
System memory in use before: 77.5 MB.
System memory in use after: 77.6 MB.

Unloading 22 unused Assets to reduce memory usage. Loaded Objects now: 2214.
Total: 2.530300 ms (FindLiveObjects: 0.284300 ms CreateObjectMapping: 0.077300 ms MarkObjects: 2.151400 ms  DeleteObjects: 0.016500 ms)

AssetImportParameters requested are different than current active one (requested -> active):
  custom:framework-win-MediaFoundation: 216162199b28c13a410421893ffa2e32 -> 
  custom:video-decoder-ogg-theora: a1e56fd34408186e4bbccfd4996cb3dc -> 
  custom:container-muxer-webm: aa71ff27fc2769a1b78a27578f13a17b -> 
  custom:container-demuxer-webm: 4f35f7cbe854078d1ac9338744f61a02 -> 
  custom:container-demuxer-ogg: 62fdf1f143b41e24485cea50d1cbac27 -> 
  custom:video-encoder-webm-vp8: eb34c28f22e8b96e1ab97ce403110664 -> 
  custom:video-decoder-webm-vp8: 9c59270c3fd7afecdb556c50c9e8de78 -> 
  custom:audio-decoder-ogg-vorbis: bf7c407c2cedff20999df2af8eb42d56 -> 
  custom:audio-encoder-webm-vorbis: bf7c407c2cedff20999df2af8eb42d56 -> 
========================================================================
Received Prepare
Registering precompiled user dll's ...
Registered in 0.016078 seconds.
Begin MonoManager ReloadAssembly
Native extension for WindowsStandalone target not found
Refreshing native plugins compatible for Editor in 0.60 ms, found 2 plugins.
Preloading 0 native plugins for Editor in 0.00 ms.
Mono: successfully reloaded assembly
- Completed reload, in  1.575 seconds
Domain Reload Profiling:
	ReloadAssembly (1579ms)
		BeginReloadAssembly (344ms)
			ExecutionOrderSort (0ms)
			DisableScriptedObjects (32ms)
			BackupInstance (0ms)
			ReleaseScriptingObjects (0ms)
			CreateAndSetChildDomain (159ms)
		EndReloadAssembly (1147ms)
			LoadAssemblies (173ms)
			RebuildTransferFunctionScriptingTraits (0ms)
			SetupTypeCache (366ms)
			ReleaseScriptCaches (1ms)
			RebuildScriptCaches (58ms)
			SetupLoadedEditorAssemblies (460ms)
				LogAssemblyErrors (0ms)
				InitializePlatformSupportModulesInManaged (6ms)
				SetLoadedEditorAssemblies (1ms)
				RefreshPlugins (1ms)
				BeforeProcessingInitializeOnLoad (100ms)
				ProcessInitializeOnLoadAttributes (338ms)
				ProcessInitializeOnLoadMethodAttributes (10ms)
				AfterProcessingInitializeOnLoad (3ms)
				EditorAssembliesLoaded (0ms)
			ExecutionOrderSort2 (0ms)
			AwakeInstancesAfterBackupRestoration (8ms)
Platform modules already initialized, skipping
Refreshing native plugins compatible for Editor in 0.58 ms, found 2 plugins.
Preloading 0 native plugins for Editor in 0.00 ms.
Unloading 1768 Unused Serialized files (Serialized files now loaded: 0)
System memory in use before: 77.6 MB.
System memory in use after: 77.7 MB.

Unloading 21 unused Assets to reduce memory usage. Loaded Objects now: 2216.
Total: 2.889900 ms (FindLiveObjects: 0.267400 ms CreateObjectMapping: 0.067200 ms MarkObjects: 2.528100 ms  DeleteObjects: 0.026000 ms)

AssetImportParameters requested are different than current active one (requested -> active):
  custom:framework-win-MediaFoundation: 216162199b28c13a410421893ffa2e32 -> 
  custom:video-decoder-ogg-theora: a1e56fd34408186e4bbccfd4996cb3dc -> 
  custom:container-muxer-webm: aa71ff27fc2769a1b78a27578f13a17b -> 
  custom:container-demuxer-webm: 4f35f7cbe854078d1ac9338744f61a02 -> 
  custom:container-demuxer-ogg: 62fdf1f143b41e24485cea50d1cbac27 -> 
  custom:video-encoder-webm-vp8: eb34c28f22e8b96e1ab97ce403110664 -> 
  custom:video-decoder-webm-vp8: 9c59270c3fd7afecdb556c50c9e8de78 -> 
  custom:audio-decoder-ogg-vorbis: bf7c407c2cedff20999df2af8eb42d56 -> 
  custom:audio-encoder-webm-vorbis: bf7c407c2cedff20999df2af8eb42d56 -> 
========================================================================
Received Import Request.
  Time since last request: 88486.367432 seconds.
  path: Assets/Graphics/Tilesets/Apartment 8x8/apartment_walls_03.png
  artifactKey: Guid(dfa6e9d713a84f64c9da26d366eea23e) Importer(815301076,1909f56bfc062723c751e8b465ee728b)
Start importing Assets/Graphics/Tilesets/Apartment 8x8/apartment_walls_03.png using Guid(dfa6e9d713a84f64c9da26d366eea23e) Importer(815301076,1909f56bfc062723c751e8b465ee728b)  -> (artifact id: '01a459f3cce847618749b0a4ee6d3fb0') in 0.260152 seconds 
  Import took 0.309483 seconds .

========================================================================
Received Import Request.
  Time since last request: 36.613111 seconds.
  path: Assets/Graphics/Tilesets/Apartment 8x8/apartment_walls_03.png
  artifactKey: Guid(dfa6e9d713a84f64c9da26d366eea23e) Importer(815301076,1909f56bfc062723c751e8b465ee728b)
Start importing Assets/Graphics/Tilesets/Apartment 8x8/apartment_walls_03.png using Guid(dfa6e9d713a84f64c9da26d366eea23e) Importer(815301076,1909f56bfc062723c751e8b465ee728b)  -> (artifact id: '0cdf27de194dbdfb584cd5b9bbf9ca61') in 0.010117 seconds 
  Import took 0.013117 seconds .

========================================================================
Received Import Request.
  Time since last request: 37.046526 seconds.
  path: Assets/Graphics/Tilesets/Apartment 8x8/apartment_walls_03.png
  artifactKey: Guid(dfa6e9d713a84f64c9da26d366eea23e) Importer(815301076,1909f56bfc062723c751e8b465ee728b)
Start importing Assets/Graphics/Tilesets/Apartment 8x8/apartment_walls_03.png using Guid(dfa6e9d713a84f64c9da26d366eea23e) Importer(815301076,1909f56bfc062723c751e8b465ee728b)  -> (artifact id: '3757bef39e17f80c530b4c404bf025b2') in 0.006258 seconds 
  Import took 0.009784 seconds .

========================================================================
Received Import Request.
  Time since last request: 0.039185 seconds.
  path: Assets/Graphics/Tilesets/Apartment 8x8/apartment_walls_03.png
  artifactKey: Guid(dfa6e9d713a84f64c9da26d366eea23e) Importer(815301076,1909f56bfc062723c751e8b465ee728b)
Start importing Assets/Graphics/Tilesets/Apartment 8x8/apartment_walls_03.png using Guid(dfa6e9d713a84f64c9da26d366eea23e) Importer(815301076,1909f56bfc062723c751e8b465ee728b)  -> (artifact id: '3757bef39e17f80c530b4c404bf025b2') in 0.005860 seconds 
  Import took 0.008841 seconds .

========================================================================
Received Import Request.
  Time since last request: 11.070754 seconds.
  path: Assets/Graphics/Tilesets/Apartment 8x8/apartment_walls_03.png
  artifactKey: Guid(dfa6e9d713a84f64c9da26d366eea23e) Importer(815301076,1909f56bfc062723c751e8b465ee728b)
Start importing Assets/Graphics/Tilesets/Apartment 8x8/apartment_walls_03.png using Guid(dfa6e9d713a84f64c9da26d366eea23e) Importer(815301076,1909f56bfc062723c751e8b465ee728b)  -> (artifact id: '93809280fe56b45715103f989c6dbee9') in 0.009055 seconds 
  Import took 0.012269 seconds .

========================================================================
Received Import Request.
  Time since last request: 0.029513 seconds.
  path: Assets/Graphics/Tilesets/Apartment 8x8/apartment_walls_03.png
  artifactKey: Guid(dfa6e9d713a84f64c9da26d366eea23e) Importer(815301076,1909f56bfc062723c751e8b465ee728b)
Start importing Assets/Graphics/Tilesets/Apartment 8x8/apartment_walls_03.png using Guid(dfa6e9d713a84f64c9da26d366eea23e) Importer(815301076,1909f56bfc062723c751e8b465ee728b)  -> (artifact id: '93809280fe56b45715103f989c6dbee9') in 0.006337 seconds 
  Import took 0.009639 seconds .

========================================================================
Received Import Request.
  Time since last request: 53.055756 seconds.
  path: Assets/Graphics/Tilesets/Apartment 8x8/apartment_walls_03.png
  artifactKey: Guid(dfa6e9d713a84f64c9da26d366eea23e) Importer(815301076,1909f56bfc062723c751e8b465ee728b)
Start importing Assets/Graphics/Tilesets/Apartment 8x8/apartment_walls_03.png using Guid(dfa6e9d713a84f64c9da26d366eea23e) Importer(815301076,1909f56bfc062723c751e8b465ee728b)  -> (artifact id: 'e3a3fad8d7c85dad75bb5b6567c807f5') in 0.074268 seconds 
  Import took 0.077182 seconds .

========================================================================
Received Import Request.
  Time since last request: 21.233068 seconds.
  path: Assets/Graphics/Tilesets/Apartment 8x8/apartment_walls_03_0.asset
  artifactKey: Guid(f8431110967adb245862765fe36b2e25) Importer(815301076,1909f56bfc062723c751e8b465ee728b)
Start importing Assets/Graphics/Tilesets/Apartment 8x8/apartment_walls_03_0.asset using Guid(f8431110967adb245862765fe36b2e25) Importer(815301076,1909f56bfc062723c751e8b465ee728b)  -> (artifact id: '4ef15d08e8a1a440b38896ed36f6d92f') in 0.018949 seconds 
  Import took 0.022143 seconds .

========================================================================
Received Import Request.
  Time since last request: 0.000233 seconds.
  path: Assets/Graphics/Tilesets/Apartment 8x8/apartment_walls_03_14.asset
  artifactKey: Guid(5cb0b0afcda74d04f9b36de230b9b46f) Importer(815301076,1909f56bfc062723c751e8b465ee728b)
Start importing Assets/Graphics/Tilesets/Apartment 8x8/apartment_walls_03_14.asset using Guid(5cb0b0afcda74d04f9b36de230b9b46f) Importer(815301076,1909f56bfc062723c751e8b465ee728b)  -> (artifact id: 'd901e8d4dbe3282c34d2dfdc60d8c567') in 0.008611 seconds 
  Import took 0.011734 seconds .

========================================================================
Received Import Request.
  Time since last request: 0.000200 seconds.
  path: Assets/Graphics/Tilesets/Apartment 8x8/apartment_walls_03_5.asset
  artifactKey: Guid(49c39c9f65088df409e23ce839bb0eed) Importer(815301076,1909f56bfc062723c751e8b465ee728b)
Start importing Assets/Graphics/Tilesets/Apartment 8x8/apartment_walls_03_5.asset using Guid(49c39c9f65088df409e23ce839bb0eed) Importer(815301076,1909f56bfc062723c751e8b465ee728b)  -> (artifact id: 'a45ee1cf9c0eee0b201856b97f55d1c2') in 0.008742 seconds 
  Import took 0.012027 seconds .

========================================================================
Received Import Request.
  Time since last request: 0.000256 seconds.
  path: Assets/Graphics/Tilesets/Apartment 8x8/apartment_walls_03_11.asset
  artifactKey: Guid(6e37beaf541487044b827bec658cea0d) Importer(815301076,1909f56bfc062723c751e8b465ee728b)
Start importing Assets/Graphics/Tilesets/Apartment 8x8/apartment_walls_03_11.asset using Guid(6e37beaf541487044b827bec658cea0d) Importer(815301076,1909f56bfc062723c751e8b465ee728b)  -> (artifact id: '8b0580e8f08657d0f87dac871ee362d8') in 0.008493 seconds 
  Import took 0.011368 seconds .

========================================================================
Received Import Request.
  Time since last request: 0.000201 seconds.
  path: Assets/Graphics/Tilesets/Apartment 8x8/apartment_walls_03_12.asset
  artifactKey: Guid(e723ec3b5df165b45abe76ebe288a488) Importer(815301076,1909f56bfc062723c751e8b465ee728b)
Start importing Assets/Graphics/Tilesets/Apartment 8x8/apartment_walls_03_12.asset using Guid(e723ec3b5df165b45abe76ebe288a488) Importer(815301076,1909f56bfc062723c751e8b465ee728b)  -> (artifact id: '55ea10fe74633073b469969e31191263') in 0.012190 seconds 
  Import took 0.015208 seconds .

========================================================================
Received Import Request.
  Time since last request: 0.000257 seconds.
  path: Assets/Graphics/Tilesets/Apartment 8x8/apartment_walls_03_1.asset
  artifactKey: Guid(7a6ead8185fafd4469bc88decf20bef8) Importer(815301076,1909f56bfc062723c751e8b465ee728b)
Start importing Assets/Graphics/Tilesets/Apartment 8x8/apartment_walls_03_1.asset using Guid(7a6ead8185fafd4469bc88decf20bef8) Importer(815301076,1909f56bfc062723c751e8b465ee728b)  -> (artifact id: 'dd34064a2ffd1f3434f42224ffad2e27') in 0.012275 seconds 
  Import took 0.015288 seconds .

========================================================================
Received Import Request.
  Time since last request: 0.000201 seconds.
  path: Assets/Graphics/Tilesets/Apartment 8x8/apartment_walls_03_13.asset
  artifactKey: Guid(03557997ecfbf2d4c90b0214b9eb3627) Importer(815301076,1909f56bfc062723c751e8b465ee728b)
Start importing Assets/Graphics/Tilesets/Apartment 8x8/apartment_walls_03_13.asset using Guid(03557997ecfbf2d4c90b0214b9eb3627) Importer(815301076,1909f56bfc062723c751e8b465ee728b)  -> (artifact id: '444a6f1fa4cc0a6ec167a07cdc2821ee') in 0.008767 seconds 
  Import took 0.011713 seconds .

========================================================================
Received Import Request.
  Time since last request: 0.000230 seconds.
  path: Assets/Graphics/Tilesets/Apartment 8x8/apartment_walls_03_2.asset
  artifactKey: Guid(951127093eb8bee46ba4754f8bee30fd) Importer(815301076,1909f56bfc062723c751e8b465ee728b)
Start importing Assets/Graphics/Tilesets/Apartment 8x8/apartment_walls_03_2.asset using Guid(951127093eb8bee46ba4754f8bee30fd) Importer(815301076,1909f56bfc062723c751e8b465ee728b)  -> (artifact id: '3925e969d55850e2b0ec2a8d517177f5') in 0.009850 seconds 
  Import took 0.012409 seconds .

========================================================================
Received Import Request.
  Time since last request: 0.000258 seconds.
  path: Assets/Graphics/Tilesets/Apartment 8x8/apartment_walls_03_4.asset
  artifactKey: Guid(3874799da5f69f84db25f243da8b12c0) Importer(815301076,1909f56bfc062723c751e8b465ee728b)
Start importing Assets/Graphics/Tilesets/Apartment 8x8/apartment_walls_03_4.asset using Guid(3874799da5f69f84db25f243da8b12c0) Importer(815301076,1909f56bfc062723c751e8b465ee728b)  -> (artifact id: '269e3ed805cddebd6a758c51de8c1205') in 0.009781 seconds 
  Import took 0.012878 seconds .

========================================================================
Received Import Request.
  Time since last request: 0.000281 seconds.
  path: Assets/Graphics/Tilesets/Apartment 8x8/apartment_walls_03_6.asset
  artifactKey: Guid(50dd50e709ca8fa438690327d3549f37) Importer(815301076,1909f56bfc062723c751e8b465ee728b)
Start importing Assets/Graphics/Tilesets/Apartment 8x8/apartment_walls_03_6.asset using Guid(50dd50e709ca8fa438690327d3549f37) Importer(815301076,1909f56bfc062723c751e8b465ee728b)  -> (artifact id: 'e131837d9914ca9374d04f0f56879404') in 0.009130 seconds 
  Import took 0.012108 seconds .

========================================================================
Received Import Request.
  Time since last request: 0.000198 seconds.
  path: Assets/Graphics/Tilesets/Apartment 8x8/apartment_walls_03_3.asset
  artifactKey: Guid(166730fee4fdefb49affc7af28e094ec) Importer(815301076,1909f56bfc062723c751e8b465ee728b)
Start importing Assets/Graphics/Tilesets/Apartment 8x8/apartment_walls_03_3.asset using Guid(166730fee4fdefb49affc7af28e094ec) Importer(815301076,1909f56bfc062723c751e8b465ee728b)  -> (artifact id: 'a4ceda5dd9deb3c62a48e9e80296e4bc') in 0.008644 seconds 
  Import took 0.011716 seconds .

========================================================================
Received Import Request.
  Time since last request: 0.000215 seconds.
  path: Assets/Graphics/Tilesets/Apartment 8x8/apartment_walls_03_10.asset
  artifactKey: Guid(faf8bcc76fc525644918e224e821f9ef) Importer(815301076,1909f56bfc062723c751e8b465ee728b)
Start importing Assets/Graphics/Tilesets/Apartment 8x8/apartment_walls_03_10.asset using Guid(faf8bcc76fc525644918e224e821f9ef) Importer(815301076,1909f56bfc062723c751e8b465ee728b)  -> (artifact id: '649f32a68d22069f2bf2f6911faa67d1') in 0.009244 seconds 
  Import took 0.012150 seconds .

========================================================================
Received Import Request.
  Time since last request: 0.000187 seconds.
  path: Assets/Graphics/Tilesets/Apartment 8x8/apartment_walls_03_7.asset
  artifactKey: Guid(69239017c7a9c0240bd2a468a5b74d29) Importer(815301076,1909f56bfc062723c751e8b465ee728b)
Start importing Assets/Graphics/Tilesets/Apartment 8x8/apartment_walls_03_7.asset using Guid(69239017c7a9c0240bd2a468a5b74d29) Importer(815301076,1909f56bfc062723c751e8b465ee728b)  -> (artifact id: 'd6efcfe4a6d62af6c391351543f5024e') in 0.008668 seconds 
  Import took 0.011541 seconds .

========================================================================
Received Import Request.
  Time since last request: 0.000263 seconds.
  path: Assets/Graphics/Tilesets/Apartment 8x8/apartment_walls_03_8.asset
  artifactKey: Guid(fac8724927ae63f4d9ee8ca817b1ecb1) Importer(815301076,1909f56bfc062723c751e8b465ee728b)
Start importing Assets/Graphics/Tilesets/Apartment 8x8/apartment_walls_03_8.asset using Guid(fac8724927ae63f4d9ee8ca817b1ecb1) Importer(815301076,1909f56bfc062723c751e8b465ee728b)  -> (artifact id: '9e133ccf6b458d0906510f38b152ca27') in 0.009314 seconds 
  Import took 0.012619 seconds .

========================================================================
Received Import Request.
  Time since last request: 0.000225 seconds.
  path: Assets/Graphics/Tilesets/Apartment 8x8/apartment_walls_03_9.asset
  artifactKey: Guid(b980de6da47472d40a9ad611a36f8be1) Importer(815301076,1909f56bfc062723c751e8b465ee728b)
Start importing Assets/Graphics/Tilesets/Apartment 8x8/apartment_walls_03_9.asset using Guid(b980de6da47472d40a9ad611a36f8be1) Importer(815301076,1909f56bfc062723c751e8b465ee728b)  -> (artifact id: 'e65fb1da1ddeaba504a90e4cf6901dc9') in 0.009195 seconds 
  Import took 0.012119 seconds .

========================================================================
Received Import Request.
  Time since last request: 0.000174 seconds.
  path: Assets/Graphics/Tilesets/Apartment 8x8/apartment_walls_03_8.asset
  artifactKey: Guid(fac8724927ae63f4d9ee8ca817b1ecb1) Importer(815301076,1909f56bfc062723c751e8b465ee728b)
Start importing Assets/Graphics/Tilesets/Apartment 8x8/apartment_walls_03_8.asset using Guid(fac8724927ae63f4d9ee8ca817b1ecb1) Importer(815301076,1909f56bfc062723c751e8b465ee728b)  -> (artifact id: '9e133ccf6b458d0906510f38b152ca27') in 0.005844 seconds 
  Import took 0.008353 seconds .

========================================================================
Received Import Request.
  Time since last request: 0.015431 seconds.
  path: Assets/Graphics/Tilesets/Apartment 8x8/apartment_walls_03_9.asset
  artifactKey: Guid(b980de6da47472d40a9ad611a36f8be1) Importer(815301076,1909f56bfc062723c751e8b465ee728b)
Start importing Assets/Graphics/Tilesets/Apartment 8x8/apartment_walls_03_9.asset using Guid(b980de6da47472d40a9ad611a36f8be1) Importer(815301076,1909f56bfc062723c751e8b465ee728b)  -> (artifact id: 'e65fb1da1ddeaba504a90e4cf6901dc9') in 0.005857 seconds 
  Import took 0.008682 seconds .

========================================================================
Received Import Request.
  Time since last request: 1.446162 seconds.
  path: Assets/Graphics/Tilesets/Apartment 8x8/apartment_walls_03_15.asset
  artifactKey: Guid(1b38e9604effcf349804f5535e480708) Importer(815301076,1909f56bfc062723c751e8b465ee728b)
Start importing Assets/Graphics/Tilesets/Apartment 8x8/apartment_walls_03_15.asset using Guid(1b38e9604effcf349804f5535e480708) Importer(815301076,1909f56bfc062723c751e8b465ee728b)  -> (artifact id: '23b20bc16bb42a7ba325b22870728002') in 0.009000 seconds 
  Import took 0.012460 seconds .

========================================================================
Received Import Request.
  Time since last request: 0.000228 seconds.
  path: Assets/Graphics/Tilesets/Apartment 8x8/apartment_walls_03_16.asset
  artifactKey: Guid(ba5b2a3be06e2264990437e606e39c02) Importer(815301076,1909f56bfc062723c751e8b465ee728b)
Start importing Assets/Graphics/Tilesets/Apartment 8x8/apartment_walls_03_16.asset using Guid(ba5b2a3be06e2264990437e606e39c02) Importer(815301076,1909f56bfc062723c751e8b465ee728b)  -> (artifact id: 'cd9a066c4145a8c2e176b38d45e14366') in 0.023105 seconds 
  Import took 0.026245 seconds .

========================================================================
Received Import Request.
  Time since last request: 0.000251 seconds.
  path: Assets/Graphics/Tilesets/Apartment 8x8/apartment_walls_03_18.asset
  artifactKey: Guid(f95cc12130178ef47b06b194660903f8) Importer(815301076,1909f56bfc062723c751e8b465ee728b)
Start importing Assets/Graphics/Tilesets/Apartment 8x8/apartment_walls_03_18.asset using Guid(f95cc12130178ef47b06b194660903f8) Importer(815301076,1909f56bfc062723c751e8b465ee728b)  -> (artifact id: '9ed4b7d7c22c52fbbf6d98646960b64e') in 0.008909 seconds 
  Import took 0.011654 seconds .

========================================================================
Received Import Request.
  Time since last request: 0.000196 seconds.
  path: Assets/Graphics/Tilesets/Apartment 8x8/apartment_walls_03_17.asset
  artifactKey: Guid(929c4c443c8d17d4d86032e472bc89e5) Importer(815301076,1909f56bfc062723c751e8b465ee728b)
Start importing Assets/Graphics/Tilesets/Apartment 8x8/apartment_walls_03_17.asset using Guid(929c4c443c8d17d4d86032e472bc89e5) Importer(815301076,1909f56bfc062723c751e8b465ee728b)  -> (artifact id: '51b1598338eb107952cd4cfa98a45da7') in 0.008476 seconds 
  Import took 0.011991 seconds .

========================================================================
Received Import Request.
  Time since last request: 0.009837 seconds.
  path: Assets/Graphics/Tilesets/Apartment 8x8/apartment_walls_03_18.asset
  artifactKey: Guid(f95cc12130178ef47b06b194660903f8) Importer(815301076,1909f56bfc062723c751e8b465ee728b)
Start importing Assets/Graphics/Tilesets/Apartment 8x8/apartment_walls_03_18.asset using Guid(f95cc12130178ef47b06b194660903f8) Importer(815301076,1909f56bfc062723c751e8b465ee728b)  -> (artifact id: '9ed4b7d7c22c52fbbf6d98646960b64e') in 0.006527 seconds 
  Import took 0.010086 seconds .

========================================================================
Received Import Request.
  Time since last request: 0.018132 seconds.
  path: Assets/Graphics/Tilesets/Apartment 8x8/apartment_walls_03_19.asset
  artifactKey: Guid(3a5339796cec34a4586be8815ba638ff) Importer(815301076,1909f56bfc062723c751e8b465ee728b)
Start importing Assets/Graphics/Tilesets/Apartment 8x8/apartment_walls_03_19.asset using Guid(3a5339796cec34a4586be8815ba638ff) Importer(815301076,1909f56bfc062723c751e8b465ee728b)  -> (artifact id: 'b864857e89075a8070c08076b53b9194') in 0.009033 seconds 
  Import took 0.012556 seconds .

========================================================================
Received Import Request.
  Time since last request: 0.000309 seconds.
  path: Assets/Graphics/Tilesets/Apartment 8x8/apartment_walls_03_20.asset
  artifactKey: Guid(e237de93cb905e94280c48f51f8f8bd3) Importer(815301076,1909f56bfc062723c751e8b465ee728b)
Start importing Assets/Graphics/Tilesets/Apartment 8x8/apartment_walls_03_20.asset using Guid(e237de93cb905e94280c48f51f8f8bd3) Importer(815301076,1909f56bfc062723c751e8b465ee728b)  -> (artifact id: '609bb21e45fa32546e543029708a17e1') in 0.008515 seconds 
  Import took 0.012003 seconds .

========================================================================
Received Import Request.
  Time since last request: 0.000178 seconds.
  path: Assets/Graphics/Tilesets/Apartment 8x8/apartment_walls_03_22.asset
  artifactKey: Guid(b705eb04fee510641b8862069dc6111c) Importer(815301076,1909f56bfc062723c751e8b465ee728b)
Start importing Assets/Graphics/Tilesets/Apartment 8x8/apartment_walls_03_22.asset using Guid(b705eb04fee510641b8862069dc6111c) Importer(815301076,1909f56bfc062723c751e8b465ee728b)  -> (artifact id: 'df6c09722f6a9e8a68be4032cf8d1108') in 0.009763 seconds 
  Import took 0.012675 seconds .

========================================================================
Received Import Request.
  Time since last request: 0.000250 seconds.
  path: Assets/Graphics/Tilesets/Apartment 8x8/apartment_walls_03_26.asset
  artifactKey: Guid(c3e931cf6a4bc614ea8c5915b99d53bc) Importer(815301076,1909f56bfc062723c751e8b465ee728b)
Start importing Assets/Graphics/Tilesets/Apartment 8x8/apartment_walls_03_26.asset using Guid(c3e931cf6a4bc614ea8c5915b99d53bc) Importer(815301076,1909f56bfc062723c751e8b465ee728b)  -> (artifact id: 'a30c19a2f5de2a520b1c13564dcf3fd8') in 0.008838 seconds 
  Import took 0.011505 seconds .

========================================================================
Received Import Request.
  Time since last request: 0.000194 seconds.
  path: Assets/Graphics/Tilesets/Apartment 8x8/apartment_walls_03_20.asset
  artifactKey: Guid(e237de93cb905e94280c48f51f8f8bd3) Importer(815301076,1909f56bfc062723c751e8b465ee728b)
Start importing Assets/Graphics/Tilesets/Apartment 8x8/apartment_walls_03_20.asset using Guid(e237de93cb905e94280c48f51f8f8bd3) Importer(815301076,1909f56bfc062723c751e8b465ee728b)  -> (artifact id: '609bb21e45fa32546e543029708a17e1') in 0.005500 seconds 
  Import took 0.008911 seconds .

========================================================================
Received Import Request.
  Time since last request: 0.000251 seconds.
  path: Assets/Graphics/Tilesets/Apartment 8x8/apartment_walls_03_30.asset
  artifactKey: Guid(638e9ed9a05527041917689e10ab1975) Importer(815301076,1909f56bfc062723c751e8b465ee728b)
Start importing Assets/Graphics/Tilesets/Apartment 8x8/apartment_walls_03_30.asset using Guid(638e9ed9a05527041917689e10ab1975) Importer(815301076,1909f56bfc062723c751e8b465ee728b)  -> (artifact id: '1f2069953aa758f0ab1752e0683b8cc3') in 0.008711 seconds 
  Import took 0.012014 seconds .

========================================================================
Received Import Request.
  Time since last request: 0.000326 seconds.
  path: Assets/Graphics/Tilesets/Apartment 8x8/apartment_walls_03_29.asset
  artifactKey: Guid(fd45364c941a95c4bbfbc78e2d61f5c8) Importer(815301076,1909f56bfc062723c751e8b465ee728b)
Start importing Assets/Graphics/Tilesets/Apartment 8x8/apartment_walls_03_29.asset using Guid(fd45364c941a95c4bbfbc78e2d61f5c8) Importer(815301076,1909f56bfc062723c751e8b465ee728b)  -> (artifact id: '753003d2daaed2eaac982615c74f9a4b') in 0.009339 seconds 
  Import took 0.012173 seconds .

========================================================================
Received Import Request.
  Time since last request: 0.000243 seconds.
  path: Assets/Graphics/Tilesets/Apartment 8x8/apartment_walls_03_23.asset
  artifactKey: Guid(be212699d72d82e4fb053940ffe5d6f5) Importer(815301076,1909f56bfc062723c751e8b465ee728b)
Start importing Assets/Graphics/Tilesets/Apartment 8x8/apartment_walls_03_23.asset using Guid(be212699d72d82e4fb053940ffe5d6f5) Importer(815301076,1909f56bfc062723c751e8b465ee728b)  -> (artifact id: '5d1bfe9ac0c12fc8f77a6bf6bce38a27') in 0.008484 seconds 
  Import took 0.012059 seconds .

========================================================================
Received Import Request.
  Time since last request: 0.000271 seconds.
  path: Assets/Graphics/Tilesets/Apartment 8x8/apartment_walls_03_27.asset
  artifactKey: Guid(0fa11f7ad86744a41b24e7eaecb38b3f) Importer(815301076,1909f56bfc062723c751e8b465ee728b)
Start importing Assets/Graphics/Tilesets/Apartment 8x8/apartment_walls_03_27.asset using Guid(0fa11f7ad86744a41b24e7eaecb38b3f) Importer(815301076,1909f56bfc062723c751e8b465ee728b)  -> (artifact id: 'e3fa6592fe4c58d4c91fd8c9c4c9eca4') in 0.009325 seconds 
  Import took 0.012647 seconds .

========================================================================
Received Import Request.
  Time since last request: 0.000187 seconds.
  path: Assets/Graphics/Tilesets/Apartment 8x8/apartment_walls_03_24.asset
  artifactKey: Guid(a95eed530b9c4dd42b46a79827319b04) Importer(815301076,1909f56bfc062723c751e8b465ee728b)
Start importing Assets/Graphics/Tilesets/Apartment 8x8/apartment_walls_03_24.asset using Guid(a95eed530b9c4dd42b46a79827319b04) Importer(815301076,1909f56bfc062723c751e8b465ee728b)  -> (artifact id: '1ba09bcfaff666998f1522a7478a6e77') in 0.008828 seconds 
  Import took 0.011563 seconds .

========================================================================
Received Import Request.
  Time since last request: 0.000264 seconds.
  path: Assets/Graphics/Tilesets/Apartment 8x8/apartment_walls_03_25.asset
  artifactKey: Guid(7d6052f745f76d1488a20d7e68ee42e4) Importer(815301076,1909f56bfc062723c751e8b465ee728b)
Start importing Assets/Graphics/Tilesets/Apartment 8x8/apartment_walls_03_25.asset using Guid(7d6052f745f76d1488a20d7e68ee42e4) Importer(815301076,1909f56bfc062723c751e8b465ee728b)  -> (artifact id: '69903a7c5e8f3df95b1bce262d0dbbdf') in 0.009653 seconds 
  Import took 0.012172 seconds .

========================================================================
Received Import Request.
  Time since last request: 0.000261 seconds.
  path: Assets/Graphics/Tilesets/Apartment 8x8/apartment_walls_03_28.asset
  artifactKey: Guid(880c81f0f86a97847888e335eff24c5e) Importer(815301076,1909f56bfc062723c751e8b465ee728b)
Start importing Assets/Graphics/Tilesets/Apartment 8x8/apartment_walls_03_28.asset using Guid(880c81f0f86a97847888e335eff24c5e) Importer(815301076,1909f56bfc062723c751e8b465ee728b)  -> (artifact id: '64f28f8c39c447a0061b7005f01c4ed0') in 0.008205 seconds 
  Import took 0.011868 seconds .

========================================================================
Received Import Request.
  Time since last request: 0.000180 seconds.
  path: Assets/Graphics/Tilesets/Apartment 8x8/apartment_walls_03_21.asset
  artifactKey: Guid(42fba93605713154bb4a5d979f185f83) Importer(815301076,1909f56bfc062723c751e8b465ee728b)
Start importing Assets/Graphics/Tilesets/Apartment 8x8/apartment_walls_03_21.asset using Guid(42fba93605713154bb4a5d979f185f83) Importer(815301076,1909f56bfc062723c751e8b465ee728b)  -> (artifact id: '85a8bd4aad7aeab66073a88b055877d6') in 0.008587 seconds 
  Import took 0.011513 seconds .

========================================================================
Received Import Request.
  Time since last request: 0.016947 seconds.
  path: Assets/Graphics/Tilesets/Apartment 8x8/apartment_walls_03_28.asset
  artifactKey: Guid(880c81f0f86a97847888e335eff24c5e) Importer(815301076,1909f56bfc062723c751e8b465ee728b)
Start importing Assets/Graphics/Tilesets/Apartment 8x8/apartment_walls_03_28.asset using Guid(880c81f0f86a97847888e335eff24c5e) Importer(815301076,1909f56bfc062723c751e8b465ee728b)  -> (artifact id: '64f28f8c39c447a0061b7005f01c4ed0') in 0.007057 seconds 
  Import took 0.009880 seconds .

========================================================================
Received Import Request.
  Time since last request: 0.302192 seconds.
  path: Assets/Graphics/Tilesets/Apartment 8x8/apartment_walls_03_31.asset
  artifactKey: Guid(90c1bfefd7e359d4eb4686d765796576) Importer(815301076,1909f56bfc062723c751e8b465ee728b)
Start importing Assets/Graphics/Tilesets/Apartment 8x8/apartment_walls_03_31.asset using Guid(90c1bfefd7e359d4eb4686d765796576) Importer(815301076,1909f56bfc062723c751e8b465ee728b)  -> (artifact id: '194eac08fa3d8d938d4ba71b515cb554') in 0.008556 seconds 
  Import took 0.012422 seconds .

